Arguments: 
  /usr/local/bin/node /usr/local/bin/yarn es

PATH: 
  /Users/pillar/npm-global/bin:/Users/pillar/node_global/bin:/Users/pillar/dart-sdk/bin:/Users/pillar/.cargo/bin:../usr/local/bin:/usr/bin:/usr/local/opt/icu4c/sbin:/usr/local/opt/icu4c/bin:/Users/pillar/.deno/bin:/usr/local/bin:/usr/bin:/bin:/usr/sbin:/sbin:/Users/pillar/npm-global/bin:/Users/pillar/node_global/bin:/Users/pillar/dart-sdk/bin:/Users/pillar/.cargo/bin:../usr/local/bin:/usr/local/opt/icu4c/sbin:/usr/local/opt/icu4c/bin:/Users/pillar/.deno/bin:/Users/pillar/bin:/usr/local/go/bin:/Users/pillar/work/go/bin:/Library/Java/JavaVirtualMachines/jdk-11.0.1.jdk/Contents/Home/bin:/usr/local/mysql/bin:/Users/pillar/Library/Android/sdk/tools:/Users/pillar/Library/Android/sdk/platform-tools:/Users/pillar/flutter/bin:/Users/pillar/.pub-cache/bin:~/Documents/work/mongo/mongodb-macos/bin:/Users/pillar/bin:/usr/local/go/bin:/Users/pillar/work/go/bin:/Library/Java/JavaVirtualMachines/jdk-11.0.1.jdk/Contents/Home/bin:/usr/local/mysql/bin:/Users/pillar/Library/Android/sdk/tools:/Users/pillar/Library/Android/sdk/platform-tools:/Users/pillar/flutter/bin:/Users/pillar/.pub-cache/bin:~/Documents/work/mongo/mongodb-macos/bin:/Users/pillar/bin

Yarn version: 
  1.22.10

Node version: 
  14.15.4

Platform: 
  darwin x64

Trace: 
  SyntaxError: /Users/pillar/Documents/work/github/nano-storage/package.json: Unexpected token } in JSON at position 303
      at JSON.parse (<anonymous>)
      at /usr/local/lib/node_modules/yarn/lib/cli.js:1625:59
      at Generator.next (<anonymous>)
      at step (/usr/local/lib/node_modules/yarn/lib/cli.js:310:30)
      at /usr/local/lib/node_modules/yarn/lib/cli.js:321:13

npm manifest: 
  {
    "name": "nano-storage",
    "version": "1.0.0",
    "private":false,
    "main": "index.js",
    "scripts": {
      "es":"esbuild --define:process.env.NODE_ENV=\\\"production\\\" lib/index.* --outdir=es --target=es6 --bundle --format=esm --jsx-factory=aoife --jsx-fragment=aoife.Frag --minify --splitting",
    },
    "license": "MIT"
  }

yarn manifest: 
  No manifest

Lockfile: 
  No lockfile
